No GPU on this node, CUDA module not loaded
Time elapsed: 0.08 min
epoch:    0 loss=9.339304e+01 pde=8.812184e-01 bc=1.178044e+01 ic=6.369438e+00
Time elapsed: 1.60 min
epoch: 1500 loss=4.682869e-02 pde=8.186097e-03 bc=2.709992e-03 ic=1.744088e-03
Time elapsed: 3.12 min
epoch: 3000 loss=5.946998e-02 pde=8.296373e-03 bc=4.217324e-03 ic=2.698847e-03
Time elapsed: 4.67 min
epoch: 4500 loss=3.718826e-02 pde=6.926006e-03 bc=1.956639e-03 ic=1.325410e-03
Time elapsed: 6.26 min
epoch: 6000 loss=3.724483e-02 pde=6.219835e-03 bc=2.402512e-03 ic=1.314553e-03
Time elapsed: 7.73 min
epoch: 7500 loss=4.691498e-02 pde=5.934550e-03 bc=3.679255e-03 ic=2.143010e-03
Time elapsed: 9.20 min
epoch: 9000 loss=2.705657e-02 pde=3.205118e-03 bc=1.933381e-03 ic=1.554862e-03
Time elapsed: 10.71 min
epoch: 10500 loss=3.588335e-02 pde=6.211360e-03 bc=2.022062e-03 ic=1.427792e-03
Time elapsed: 12.22 min
epoch: 12000 loss=1.931602e-02 pde=3.619693e-03 bc=1.133434e-03 ic=5.579542e-04
Time elapsed: 13.72 min
epoch: 13500 loss=2.229780e-02 pde=3.741045e-03 bc=1.254968e-03 ic=9.599644e-04

------------------------------------------------------------
Sender: LSF System <lsfadmin@hpc.dtu.dk>
Subject: Job 28618628: <tg_hpc> in cluster <dcc> Done

Job <tg_hpc> was submitted from host <n-62-30-2> by user <s213935> in cluster <dcc> at Tue Jun  9 14:57:14 2026
Job was executed on host(s) <n-62-31-4>, in queue <hpc>, as user <s213935> in cluster <dcc> at Tue Jun  9 14:57:15 2026
</zhome/15/6/166811> was used as the home directory.
</zhome/15/6/166811/Documents/pinns-repo/PINN model> was used as the working directory.
Started at Tue Jun  9 14:57:15 2026
Terminated at Tue Jun  9 15:12:39 2026
Results reported at Tue Jun  9 15:12:39 2026

Your job looked like:

------------------------------------------------------------
# LSBATCH: User input
#!/bin/bash
#BSUB -J tg_hpc
#BSUB -q hpc
#BSUB -n 1
#BSUB -W 00:30
#BSUB -R "span[hosts=1]"
#BSUB -R "rusage[mem=2GB]"
#BSUB -o pinn_hpc_%J.out
#BSUB -e pinn_hpc_%J.err


source /dtu/projects/02613_2025/conda/conda_init.sh
conda activate PINN

python -u taylorgreen.py
------------------------------------------------------------

Successfully completed.

Resource usage summary:

    CPU time :                                   913.01 sec.
    Max Memory :                                 310 MB
    Average Memory :                             273.78 MB
    Total Requested Memory :                     2048.00 MB
    Delta Memory :                               1738.00 MB
    Max Swap :                                   -
    Max Processes :                              4
    Max Threads :                                5
    Run time :                                   924 sec.
    Turnaround time :                            925 sec.

The output (if any) is above this job summary.



PS:

Read file <pinn_hpc_28618628.err> for stderr output of this job.

