No GPU on this node, CUDA module not loaded
Time elapsed: 0.03 min
epoch:    0 loss=9.861063e+01 pde=1.585904e+00 bc=1.240114e+01 ic=6.369438e+00
Time elapsed: 2.69 min
epoch: 1500 loss=5.336564e-02 pde=1.252738e-02 bc=2.214558e-03 ic=9.421408e-04
Time elapsed: 5.34 min
epoch: 3000 loss=2.640180e-02 pde=5.053849e-03 bc=1.498791e-03 ic=7.492602e-04
Time elapsed: 8.00 min
epoch: 4500 loss=1.312390e-01 pde=4.795243e-03 bc=1.695860e-02 ic=6.412063e-03
Time elapsed: 10.65 min
epoch: 6000 loss=2.273011e-02 pde=3.206223e-03 bc=1.991299e-03 ic=6.309889e-04
Time elapsed: 13.32 min
epoch: 7500 loss=1.694828e-02 pde=2.872370e-03 bc=1.250584e-03 ic=4.156492e-04
Time elapsed: 15.89 min
epoch: 9000 loss=3.620563e-02 pde=2.449387e-03 bc=4.408537e-03 ic=1.362958e-03
Time elapsed: 18.42 min
epoch: 10500 loss=2.312737e-02 pde=2.011654e-03 bc=2.490746e-03 ic=9.277360e-04
Time elapsed: 20.94 min
epoch: 12000 loss=1.706500e-02 pde=1.746320e-03 bc=1.604157e-03 ic=7.610504e-04
Time elapsed: 23.48 min
epoch: 13500 loss=1.419060e-02 pde=1.667278e-03 bc=1.278985e-03 ic=5.587677e-04

------------------------------------------------------------
Sender: LSF System <lsfadmin@hpc.dtu.dk>
Subject: Job 28618677: <tg_hpc> in cluster <dcc> Done

Job <tg_hpc> was submitted from host <n-62-30-2> by user <s213935> in cluster <dcc> at Tue Jun  9 15:14:25 2026
Job was executed on host(s) <n-62-31-4>, in queue <hpc>, as user <s213935> in cluster <dcc> at Tue Jun  9 15:14:27 2026
</zhome/15/6/166811> was used as the home directory.
</zhome/15/6/166811/Documents/pinns-repo/PINN model> was used as the working directory.
Started at Tue Jun  9 15:14:27 2026
Terminated at Tue Jun  9 15:40:32 2026
Results reported at Tue Jun  9 15:40:32 2026

Your job looked like:

------------------------------------------------------------
# LSBATCH: User input
#!/bin/bash
#BSUB -J tg_hpc
#BSUB -q hpc
#BSUB -n 1
#BSUB -W 00:30
#BSUB -R "span[hosts=1]"
#BSUB -R "rusage[mem=2GB]"
#BSUB -o pinn_hpc_%J.out
#BSUB -e pinn_hpc_%J.err


source /dtu/projects/02613_2025/conda/conda_init.sh
conda activate PINN

python -u taylorgreen.py 200
------------------------------------------------------------

Successfully completed.

Resource usage summary:

    CPU time :                                   1563.20 sec.
    Max Memory :                                 362 MB
    Average Memory :                             355.92 MB
    Total Requested Memory :                     2048.00 MB
    Delta Memory :                               1686.00 MB
    Max Swap :                                   -
    Max Processes :                              4
    Max Threads :                                5
    Run time :                                   1565 sec.
    Turnaround time :                            1567 sec.

The output (if any) is above this job summary.



PS:

Read file <pinn_hpc_28618677.err> for stderr output of this job.

