No GPU on this node, CUDA module not loaded
--- Running 8 seeds with 8 processes ---

N = 8 seeds
Elapsed: 1343.51 s
Per seed: 167.94 s
Saved .npz

------------------------------------------------------------
Sender: LSF System <lsfadmin@hpc.dtu.dk>
Subject: Job 28624284: <tg_hpc_s> in cluster <dcc> Done

Job <tg_hpc_s> was submitted from host <n-62-30-8> by user <s213935> in cluster <dcc> at Wed Jun 10 11:47:47 2026
Job was executed on host(s) <8*n-62-28-35>, in queue <hpc>, as user <s213935> in cluster <dcc> at Wed Jun 10 11:47:48 2026
</zhome/15/6/166811> was used as the home directory.
</zhome/15/6/166811/Documents/pinns-repo/PINN model> was used as the working directory.
Started at Wed Jun 10 11:47:48 2026
Terminated at Wed Jun 10 12:10:25 2026
Results reported at Wed Jun 10 12:10:25 2026

Your job looked like:

------------------------------------------------------------
# LSBATCH: User input
#!/bin/bash
#BSUB -J tg_hpc_s
#BSUB -q hpc
#BSUB -n 8
#BSUB -W 00:40
#BSUB -R "span[hosts=1]"
#BSUB -R "rusage[mem=500MB]"
#BSUB -o tg_hpc_%J.out
#BSUB -e tg_hpc_%J.err


source /dtu/projects/02613_2025/conda/conda_init.sh
conda activate PINN

python -u HPCtaylorgreen.py 8 8 true
------------------------------------------------------------

Successfully completed.

Resource usage summary:

    CPU time :                                   10516.39 sec.
    Max Memory :                                 1700 MB
    Average Memory :                             1549.73 MB
    Total Requested Memory :                     4000.00 MB
    Delta Memory :                               2300.00 MB
    Max Swap :                                   -
    Max Processes :                              12
    Max Threads :                                16
    Run time :                                   1357 sec.
    Turnaround time :                            1358 sec.

The output (if any) is above this job summary.



PS:

Read file <tg_hpc_28624284.err> for stderr output of this job.

