No GPU on this node, CUDA module not loaded
--- Running 4 seeds with 4 processes ---

N = 4 seeds
Elapsed: 1169.70 s
Per seed: 292.42 s
Saved .npz

------------------------------------------------------------
Sender: LSF System <lsfadmin@hpc.dtu.dk>
Subject: Job 28624082: <tg_hpc> in cluster <dcc> Done

Job <tg_hpc> was submitted from host <n-62-30-8> by user <s213935> in cluster <dcc> at Wed Jun 10 11:14:13 2026
Job was executed on host(s) <4*n-62-29-17>, in queue <hpc>, as user <s213935> in cluster <dcc> at Wed Jun 10 11:14:14 2026
</zhome/15/6/166811> was used as the home directory.
</zhome/15/6/166811/Documents/pinns-repo/PINN model> was used as the working directory.
Started at Wed Jun 10 11:14:14 2026
Terminated at Wed Jun 10 11:33:53 2026
Results reported at Wed Jun 10 11:33:53 2026

Your job looked like:

------------------------------------------------------------
# LSBATCH: User input
#!/bin/bash
#BSUB -J tg_hpc
#BSUB -q hpc
#BSUB -n 4
#BSUB -W 00:30
#BSUB -R "span[hosts=1]"
#BSUB -R "rusage[mem=750MB]"
#BSUB -o tg_hpc_%J.out
#BSUB -e tg_hpc_%J.err


source /dtu/projects/02613_2025/conda/conda_init.sh
conda activate PINN

python -u HPCtaylorgreen.py 4 4 false
------------------------------------------------------------

Successfully completed.

Resource usage summary:

    CPU time :                                   4508.56 sec.
    Max Memory :                                 1071 MB
    Average Memory :                             924.30 MB
    Total Requested Memory :                     3000.00 MB
    Delta Memory :                               1929.00 MB
    Max Swap :                                   -
    Max Processes :                              8
    Max Threads :                                12
    Run time :                                   1179 sec.
    Turnaround time :                            1180 sec.

The output (if any) is above this job summary.



PS:

Read file <tg_hpc_28624082.err> for stderr output of this job.

