No GPU on this node, CUDA module not loaded
--- Running 16 seeds with 8 processes ---
With SoftAdapt: False

N = 16 seeds
Elapsed: 460.01 s
Per seed: 28.75 s
Saved .npz

------------------------------------------------------------
Sender: LSF System <lsfadmin@hpc.dtu.dk>
Subject: Job 28628465: <moe_hpc> in cluster <dcc> Done

Job <moe_hpc> was submitted from host <n-62-30-8> by user <s213935> in cluster <dcc> at Thu Jun 11 13:36:57 2026
Job was executed on host(s) <8*n-62-12-2>, in queue <hpc>, as user <s213935> in cluster <dcc> at Thu Jun 11 13:36:58 2026
</zhome/15/6/166811> was used as the home directory.
</zhome/15/6/166811/Documents/pinns-repo/MoE model> was used as the working directory.
Started at Thu Jun 11 13:36:58 2026
Terminated at Thu Jun 11 13:44:50 2026
Results reported at Thu Jun 11 13:44:50 2026

Your job looked like:

------------------------------------------------------------
# LSBATCH: User input
#!/bin/bash
#BSUB -J moe_hpc
#BSUB -q hpc
#BSUB -n 8
#BSUB -W 01:00
#BSUB -R "select[model==XeonGold6226R]"
#BSUB -R "span[hosts=1]"
#BSUB -R "rusage[mem=500MB]"
#BSUB -o logs/moe_hpc_%J.out
#BSUB -e logs/moe_hpc_%J.err


source /dtu/projects/02613_2025/conda/conda_init.sh
conda activate PINN

python -u HPCpoisson2dMoE.py 8 16 false

------------------------------------------------------------

Successfully completed.

Resource usage summary:

    CPU time :                                   3594.89 sec.
    Max Memory :                                 1795 MB
    Average Memory :                             1524.80 MB
    Total Requested Memory :                     4000.00 MB
    Delta Memory :                               2205.00 MB
    Max Swap :                                   -
    Max Processes :                              12
    Max Threads :                                16
    Run time :                                   472 sec.
    Turnaround time :                            473 sec.

The output (if any) is above this job summary.



PS:

Read file <logs/moe_hpc_28628465.err> for stderr output of this job.

