No GPU on this node, CUDA module not loaded
--- Running 50 seeds with 16 processes ---
Seed 0 is running
Seed 1 is running
Seed 2 is running
Seed 3 is running
Seed 4 is running
Seed 5 is running
Seed 6 is running
Seed 7 is running
Seed 8 is running
Seed 9 is running
Seed 10 is running
Seed 11 is running
Seed 12 is running
Seed 13 is running
Seed 14 is running
Seed 15 is running
Seed 16 is running
Seed 17 is running
Seed 18 is running
Seed 19 is running
Seed 20 is running
Seed 21 is running
Seed 22 is running
Seed 23 is running
Seed 24 is running
Seed 25 is running
Seed 26 is running
Seed 27 is running
Seed 28 is running
Seed 29 is running
Seed 30 is running
Seed 31 is running
Seed 32 is running
Seed 33 is running
Seed 34 is running
Seed 35 is running
Seed 36 is running
Seed 37 is running
Seed 38 is running
Seed 39 is running
Seed 40 is running
Seed 41 is running
Seed 42 is running
Seed 43 is running
Seed 44 is running
Seed 45 is running
Seed 46 is running
Seed 47 is running
Seed 48 is running
Seed 49 is running

N = 50 seeds
Elapsed: 23562.96 s
Per seed: 471.26 s
Saved .npz
