No GPU on this node, CUDA module not loaded
--- Running 4 seeds with 4 processes ---

N = 4 seeds
Elapsed: 969.52 s
Per seed: 242.38 s
Saved .npz

------------------------------------------------------------
Sender: LSF System <lsfadmin@hpc.dtu.dk>
Subject: Job 28624576: <tg_hpc_s> in cluster <dcc> Done

Job <tg_hpc_s> was submitted from host <n-62-30-8> by user <s213935> in cluster <dcc> at Wed Jun 10 13:25:14 2026
Job was executed on host(s) <4*n-62-28-35>, in queue <hpc>, as user <s213935> in cluster <dcc> at Wed Jun 10 13:25:15 2026
</zhome/15/6/166811> was used as the home directory.
</zhome/15/6/166811/Documents/pinns-repo/PINN model> was used as the working directory.
Started at Wed Jun 10 13:25:15 2026
Terminated at Wed Jun 10 13:41:29 2026
Results reported at Wed Jun 10 13:41:29 2026

Your job looked like:

------------------------------------------------------------
# LSBATCH: User input
#!/bin/bash
#BSUB -J tg_hpc_s
#BSUB -q hpc
#BSUB -n 4
#BSUB -W 00:40
#BSUB -R "span[hosts=1]"
#BSUB -R "rusage[mem=500MB]"
#BSUB -o tg_hpc_%J.out
#BSUB -e tg_hpc_%J.err


source /dtu/projects/02613_2025/conda/conda_init.sh
conda activate PINN

python -u HPCtaylorgreen.py 4 4 true
------------------------------------------------------------

Successfully completed.

Resource usage summary:

    CPU time :                                   3842.11 sec.
    Max Memory :                                 866 MB
    Average Memory :                             854.22 MB
    Total Requested Memory :                     2000.00 MB
    Delta Memory :                               1134.00 MB
    Max Swap :                                   -
    Max Processes :                              8
    Max Threads :                                12
    Run time :                                   974 sec.
    Turnaround time :                            975 sec.

The output (if any) is above this job summary.



PS:

Read file <tg_hpc_28624576.err> for stderr output of this job.

