No GPU on this node, CUDA module not loaded
--- Running 50 seeds with 8 processes ---
With SoftAdapt: False

N = 50 seeds
Elapsed: 1165.83 s
Per seed: 23.32 s
Saved .npz

------------------------------------------------------------
Sender: LSF System <lsfadmin@hpc.dtu.dk>
Subject: Job 28614918: <moe_hpc> in cluster <dcc> Done

Job <moe_hpc> was submitted from host <n-62-9-40> by user <s213935> in cluster <dcc> at Mon Jun  8 19:42:32 2026
Job was executed on host(s) <8*n-62-11-55>, in queue <hpc>, as user <s213935> in cluster <dcc> at Mon Jun  8 19:44:18 2026
</zhome/15/6/166811> was used as the home directory.
</zhome/15/6/166811/Documents/pinns-repo/MoE model> was used as the working directory.
Started at Mon Jun  8 19:44:18 2026
Terminated at Mon Jun  8 20:03:50 2026
Results reported at Mon Jun  8 20:03:50 2026

Your job looked like:

------------------------------------------------------------
# LSBATCH: User input
#!/bin/bash
#BSUB -J moe_hpc
#BSUB -q hpc
#BSUB -n 8
#BSUB -W 01:00
#BSUB -R "select[model==XeonGold6226R]"
#BSUB -R "span[hosts=1]"
#BSUB -R "rusage[mem=500MB]"
#BSUB -o moe_hpc_%J.out
#BSUB -e moe_hpc_%J.err


source /dtu/projects/02613_2025/conda/conda_init.sh
conda activate PINN

python -u HPCpoisson2dMoE.py 8 50 false

------------------------------------------------------------

Successfully completed.

Resource usage summary:

    CPU time :                                   8502.70 sec.
    Max Memory :                                 3099 MB
    Average Memory :                             2356.70 MB
    Total Requested Memory :                     4000.00 MB
    Delta Memory :                               901.00 MB
    Max Swap :                                   -
    Max Processes :                              12
    Max Threads :                                16
    Run time :                                   1172 sec.
    Turnaround time :                            1278 sec.

The output (if any) is above this job summary.



PS:

Read file <moe_hpc_28614918.err> for stderr output of this job.

