/zhome/15/6/166811/.lsbatch/1780923346.28612671.shell: line 16: 2713892 Killed                  python -u HPCpoisson2dMoE.py 8 50
Process ForkPoolWorker-8:
Process ForkPoolWorker-6:
Process ForkPoolWorker-3:
Process ForkPoolWorker-1:
Process ForkPoolWorker-2:
Traceback (most recent call last):
Traceback (most recent call last):
Traceback (most recent call last):
  File "/zhome/15/6/166811/.conda/envs/PINN/lib/python3.11/multiprocessing/process.py", line 314, in _bootstrap
    self.run()
  File "/zhome/15/6/166811/.conda/envs/PINN/lib/python3.11/multiprocessing/process.py", line 108, in run
    self._target(*self._args, **self._kwargs)
  File "/zhome/15/6/166811/.conda/envs/PINN/lib/python3.11/multiprocessing/pool.py", line 125, in worker
    result = (True, func(*args, **kwds))
                    ^^^^^^^^^^^^^^^^^^^
  File "/zhome/15/6/166811/.conda/envs/PINN/lib/python3.11/multiprocessing/pool.py", line 48, in mapstar
    return list(map(*args))
           ^^^^^^^^^^^^^^^^
  File "/zhome/15/6/166811/Documents/pinns-repo/MoE model/HPCpoisson2dMoE.py", line 107, in run_seed
    f_val = f(X[:, 0:1], X[:, 1:2])
                          ^^^^^^^^^^
  File "/zhome/15/6/166811/.conda/envs/PINN/lib/python3.11/site-packages/torch/_tensor.py", line 47, in wrapped
    return f(self, *args, **kwargs)
           ^^^^^^^^^^^^^^^^^^^^^^^^
KeyboardInterrupt
  File "/zhome/15/6/166811/.conda/envs/PINN/lib/python3.11/multiprocessing/process.py", line 314, in _bootstrap
    self.run()
  File "/zhome/15/6/166811/.conda/envs/PINN/lib/python3.11/multiprocessing/process.py", line 108, in run
    self._target(*self._args, **self._kwargs)
  File "/zhome/15/6/166811/.conda/envs/PINN/lib/python3.11/multiprocessing/pool.py", line 125, in worker
    result = (True, func(*args, **kwds))
                    ^^^^^^^^^^^^^^^^^^^
  File "/zhome/15/6/166811/.conda/envs/PINN/lib/python3.11/multiprocessing/pool.py", line 48, in mapstar
    return list(map(*args))
           ^^^^^^^^^^^^^^^^
  File "/zhome/15/6/166811/Documents/pinns-repo/MoE model/HPCpoisson2dMoE.py", line 107, in run_seed
    f_val = f(X[:, 0:1], X[:, 1:2])
                          ^^^^^^^^^^
  File "/zhome/15/6/166811/.conda/envs/PINN/lib/python3.11/site-packages/torch/_tensor.py", line 47, in wrapped
    return f(self, *args, **kwargs)
           ^^^^^^^^^^^^^^^^^^^^^^^^
KeyboardInterrupt
  File "/zhome/15/6/166811/.conda/envs/PINN/lib/python3.11/multiprocessing/process.py", line 314, in _bootstrap
    self.run()
  File "/zhome/15/6/166811/.conda/envs/PINN/lib/python3.11/multiprocessing/process.py", line 108, in run
    self._target(*self._args, **self._kwargs)
  File "/zhome/15/6/166811/.conda/envs/PINN/lib/python3.11/multiprocessing/pool.py", line 125, in worker
    result = (True, func(*args, **kwds))
                    ^^^^^^^^^^^^^^^^^^^
  File "/zhome/15/6/166811/.conda/envs/PINN/lib/python3.11/multiprocessing/pool.py", line 48, in mapstar
    return list(map(*args))
           ^^^^^^^^^^^^^^^^
  File "/zhome/15/6/166811/Documents/pinns-repo/MoE model/HPCpoisson2dMoE.py", line 107, in run_seed
    f_val = f(X[:, 0:1], X[:, 1:2])
                          ^^^^^^^^^^
  File "/zhome/15/6/166811/.conda/envs/PINN/lib/python3.11/site-packages/torch/_tensor.py", line 47, in wrapped
    return f(self, *args, **kwargs)
           ^^^^^^^^^^^^^^^^^^^^^^^^
KeyboardInterrupt
Process ForkPoolWorker-4:
Traceback (most recent call last):
Traceback (most recent call last):
Traceback (most recent call last):
  File "/zhome/15/6/166811/.conda/envs/PINN/lib/python3.11/multiprocessing/process.py", line 314, in _bootstrap
    self.run()
  File "/zhome/15/6/166811/.conda/envs/PINN/lib/python3.11/multiprocessing/process.py", line 314, in _bootstrap
    self.run()
  File "/zhome/15/6/166811/.conda/envs/PINN/lib/python3.11/multiprocessing/process.py", line 314, in _bootstrap
    self.run()
  File "/zhome/15/6/166811/.conda/envs/PINN/lib/python3.11/multiprocessing/process.py", line 108, in run
    self._target(*self._args, **self._kwargs)
  File "/zhome/15/6/166811/.conda/envs/PINN/lib/python3.11/multiprocessing/process.py", line 108, in run
    self._target(*self._args, **self._kwargs)
  File "/zhome/15/6/166811/.conda/envs/PINN/lib/python3.11/multiprocessing/process.py", line 108, in run
    self._target(*self._args, **self._kwargs)
  File "/zhome/15/6/166811/.conda/envs/PINN/lib/python3.11/multiprocessing/pool.py", line 125, in worker
    result = (True, func(*args, **kwds))
                    ^^^^^^^^^^^^^^^^^^^
  File "/zhome/15/6/166811/.conda/envs/PINN/lib/python3.11/multiprocessing/pool.py", line 125, in worker
    result = (True, func(*args, **kwds))
                    ^^^^^^^^^^^^^^^^^^^
  File "/zhome/15/6/166811/.conda/envs/PINN/lib/python3.11/multiprocessing/pool.py", line 125, in worker
    result = (True, func(*args, **kwds))
                    ^^^^^^^^^^^^^^^^^^^
  File "/zhome/15/6/166811/.conda/envs/PINN/lib/python3.11/multiprocessing/pool.py", line 48, in mapstar
    return list(map(*args))
           ^^^^^^^^^^^^^^^^
  File "/zhome/15/6/166811/Documents/pinns-repo/MoE model/HPCpoisson2dMoE.py", line 152, in run_seed
    with torch.no_grad():
                          
  File "/zhome/15/6/166811/.conda/envs/PINN/lib/python3.11/multiprocessing/pool.py", line 48, in mapstar
    return list(map(*args))
           ^^^^^^^^^^^^^^^^
  File "/zhome/15/6/166811/.conda/envs/PINN/lib/python3.11/multiprocessing/pool.py", line 48, in mapstar
    return list(map(*args))
           ^^^^^^^^^^^^^^^^
  File "/zhome/15/6/166811/.conda/envs/PINN/lib/python3.11/site-packages/torch/nn/modules/module.py", line 1776, in _wrapped_call_impl
    return self._call_impl(*args, **kwargs)
           ^^^^^^^^^^^^^^^^^^^^^^^^^^^^^^^^
  File "/zhome/15/6/166811/Documents/pinns-repo/MoE model/HPCpoisson2dMoE.py", line 152, in run_seed
    with torch.no_grad():
                          
  File "/zhome/15/6/166811/Documents/pinns-repo/MoE model/HPCpoisson2dMoE.py", line 152, in run_seed
    with torch.no_grad():
                          
  File "/zhome/15/6/166811/.conda/envs/PINN/lib/python3.11/site-packages/torch/nn/modules/module.py", line 1776, in _wrapped_call_impl
    return self._call_impl(*args, **kwargs)
           ^^^^^^^^^^^^^^^^^^^^^^^^^^^^^^^^
  File "/zhome/15/6/166811/.conda/envs/PINN/lib/python3.11/site-packages/torch/nn/modules/module.py", line 1776, in _wrapped_call_impl
    return self._call_impl(*args, **kwargs)
           ^^^^^^^^^^^^^^^^^^^^^^^^^^^^^^^^
  File "/zhome/15/6/166811/.conda/envs/PINN/lib/python3.11/site-packages/torch/nn/modules/module.py", line 1787, in _call_impl
    return forward_call(*args, **kwargs)
           ^^^^^^^^^^^^^^^^^^^^^^^^^^^^^
  File "/zhome/15/6/166811/Documents/pinns-repo/MoE model/new_model.py", line 130, in forward
    expert_outputs = [expert(x) for expert in self.experts]
                     ^^^^^^^^^^^^^^^^^^^^^^^^^^^^^^^^^^^^^^
  File "/zhome/15/6/166811/.conda/envs/PINN/lib/python3.11/site-packages/torch/nn/modules/module.py", line 1787, in _call_impl
    return forward_call(*args, **kwargs)
           ^^^^^^^^^^^^^^^^^^^^^^^^^^^^^
  File "/zhome/15/6/166811/Documents/pinns-repo/MoE model/new_model.py", line 130, in <listcomp>
    expert_outputs = [expert(x) for expert in self.experts]
                      ^^^^^^^^^
  File "/zhome/15/6/166811/.conda/envs/PINN/lib/python3.11/site-packages/torch/nn/modules/module.py", line 1787, in _call_impl
    return forward_call(*args, **kwargs)
           ^^^^^^^^^^^^^^^^^^^^^^^^^^^^^
  File "/zhome/15/6/166811/Documents/pinns-repo/MoE model/new_model.py", line 130, in forward
    expert_outputs = [expert(x) for expert in self.experts]
                     ^^^^^^^^^^^^^^^^^^^^^^^^^^^^^^^^^^^^^^
  File "/zhome/15/6/166811/.conda/envs/PINN/lib/python3.11/site-packages/torch/nn/modules/module.py", line 1776, in _wrapped_call_impl
    return self._call_impl(*args, **kwargs)
           ^^^^^^^^^^^^^^^^^^^^^^^^^^^^^^^^
  File "/zhome/15/6/166811/Documents/pinns-repo/MoE model/new_model.py", line 130, in forward
    expert_outputs = [expert(x) for expert in self.experts]
                     ^^^^^^^^^^^^^^^^^^^^^^^^^^^^^^^^^^^^^^
  File "/zhome/15/6/166811/Documents/pinns-repo/MoE model/new_model.py", line 130, in <listcomp>
    expert_outputs = [expert(x) for expert in self.experts]
                      ^^^^^^^^^
  File "/zhome/15/6/166811/.conda/envs/PINN/lib/python3.11/site-packages/torch/nn/modules/module.py", line 1787, in _call_impl
    return forward_call(*args, **kwargs)
           ^^^^^^^^^^^^^^^^^^^^^^^^^^^^^
  File "/zhome/15/6/166811/Documents/pinns-repo/MoE model/new_model.py", line 130, in <listcomp>
    expert_outputs = [expert(x) for expert in self.experts]
                      ^^^^^^^^^
  File "/zhome/15/6/166811/.conda/envs/PINN/lib/python3.11/site-packages/torch/nn/modules/module.py", line 1776, in _wrapped_call_impl
    return self._call_impl(*args, **kwargs)
           ^^^^^^^^^^^^^^^^^^^^^^^^^^^^^^^^
  File "/zhome/15/6/166811/Documents/pinns-repo/MoE model/new_model.py", line 32, in forward
    x = torch.tanh(layer(x))
                   ^^^^^^^^
  File "/zhome/15/6/166811/.conda/envs/PINN/lib/python3.11/site-packages/torch/nn/modules/module.py", line 1776, in _wrapped_call_impl
    return self._call_impl(*args, **kwargs)
           ^^^^^^^^^^^^^^^^^^^^^^^^^^^^^^^^
  File "/zhome/15/6/166811/.conda/envs/PINN/lib/python3.11/site-packages/torch/nn/modules/module.py", line 1787, in _call_impl
    return forward_call(*args, **kwargs)
           ^^^^^^^^^^^^^^^^^^^^^^^^^^^^^
  File "/zhome/15/6/166811/.conda/envs/PINN/lib/python3.11/site-packages/torch/nn/modules/module.py", line 1776, in _wrapped_call_impl
    return self._call_impl(*args, **kwargs)
           ^^^^^^^^^^^^^^^^^^^^^^^^^^^^^^^^
  File "/zhome/15/6/166811/.conda/envs/PINN/lib/python3.11/site-packages/torch/nn/modules/module.py", line 1787, in _call_impl
    return forward_call(*args, **kwargs)
           ^^^^^^^^^^^^^^^^^^^^^^^^^^^^^
  File "/zhome/15/6/166811/Documents/pinns-repo/MoE model/new_model.py", line 33, in forward
    return self.output_layer(x)
           ^^^^^^^^^^^^^^^^^^^^
  File "/zhome/15/6/166811/.conda/envs/PINN/lib/python3.11/site-packages/torch/nn/modules/module.py", line 1787, in _call_impl
    return forward_call(*args, **kwargs)
           ^^^^^^^^^^^^^^^^^^^^^^^^^^^^^
  File "/zhome/15/6/166811/Documents/pinns-repo/MoE model/new_model.py", line 33, in forward
    return self.output_layer(x)
           ^^^^^^^^^^^^^^^^^^^^
  File "/zhome/15/6/166811/.conda/envs/PINN/lib/python3.11/site-packages/torch/nn/modules/module.py", line 1776, in _wrapped_call_impl
    return self._call_impl(*args, **kwargs)
           ^^^^^^^^^^^^^^^^^^^^^^^^^^^^^^^^
  File "/zhome/15/6/166811/.conda/envs/PINN/lib/python3.11/site-packages/torch/nn/modules/linear.py", line 134, in forward
    return F.linear(input, self.weight, self.bias)
           ^^^^^^^^^^^^^^^^^^^^^^^^^^^^^^^^^^^^^^^
  File "/zhome/15/6/166811/.conda/envs/PINN/lib/python3.11/site-packages/torch/nn/modules/module.py", line 1776, in _wrapped_call_impl
    return self._call_impl(*args, **kwargs)
           ^^^^^^^^^^^^^^^^^^^^^^^^^^^^^^^^
  File "/zhome/15/6/166811/.conda/envs/PINN/lib/python3.11/site-packages/torch/nn/modules/module.py", line 1787, in _call_impl
    return forward_call(*args, **kwargs)
           ^^^^^^^^^^^^^^^^^^^^^^^^^^^^^
  File "/zhome/15/6/166811/.conda/envs/PINN/lib/python3.11/site-packages/torch/nn/modules/module.py", line 1787, in _call_impl
    return forward_call(*args, **kwargs)
           ^^^^^^^^^^^^^^^^^^^^^^^^^^^^^
  File "/zhome/15/6/166811/.conda/envs/PINN/lib/python3.11/site-packages/torch/nn/modules/linear.py", line 134, in forward
    return F.linear(input, self.weight, self.bias)
           ^^^^^^^^^^^^^^^^^^^^^^^^^^^^^^^^^^^^^^^
  File "/zhome/15/6/166811/.conda/envs/PINN/lib/python3.11/site-packages/torch/nn/modules/linear.py", line 134, in forward
    return F.linear(input, self.weight, self.bias)
           ^^^^^^^^^^^^^^^^^^^^^^^^^^^^^^^^^^^^^^^
KeyboardInterrupt
KeyboardInterrupt
KeyboardInterrupt
